c:\users\wcw\desktop\picbox\x64\debug\vc140.pdb
c:\users\wcw\desktop\picbox\x64\debug\picbox.obj
c:\users\wcw\desktop\picbox\x64\debug\mainwindow.obj
c:\users\wcw\desktop\picbox\x64\debug\main.obj
c:\users\wcw\desktop\picbox\x64\debug\moc_picbox.obj
c:\users\wcw\desktop\picbox\x64\debug\moc_mainwindow.obj
c:\users\wcw\desktop\picbox\debug\moc_mainwindow.cpp
c:\users\wcw\desktop\picbox\debug\moc_picbox.cpp
c:\users\wcw\desktop\picbox\debug\moc_predefs.h
c:\users\wcw\desktop\picbox\debug\picbox.ilk
c:\users\wcw\desktop\picbox\debug\picbox.exe
c:\users\wcw\desktop\picbox\debug\picbox.pdb
c:\users\wcw\desktop\picbox\x64\debug\picbox.tlog\cl.command.1.tlog
c:\users\wcw\desktop\picbox\x64\debug\picbox.tlog\cl.read.1.tlog
c:\users\wcw\desktop\picbox\x64\debug\picbox.tlog\cl.write.1.tlog
c:\users\wcw\desktop\picbox\x64\debug\picbox.tlog\custombuild.command.1.tlog
c:\users\wcw\desktop\picbox\x64\debug\picbox.tlog\custombuild.read.1.tlog
c:\users\wcw\desktop\picbox\x64\debug\picbox.tlog\custombuild.write.1.tlog
c:\users\wcw\desktop\picbox\x64\debug\picbox.tlog\link.command.1.tlog
c:\users\wcw\desktop\picbox\x64\debug\picbox.tlog\link.read.1.tlog
c:\users\wcw\desktop\picbox\x64\debug\picbox.tlog\link.write.1.tlog
