  Moc'ing picbox.h...
  Generate moc_predefs.h
  moc_mainwindow.cpp
C:\opencv\mybuild\install\include\opencv2/core/mat.hpp(1965): warning C4819: 该文件包含不能在当前代码页(936)中表示的字符。请将该文件保存为 Unicode 格式以防止数据丢失
C:\opencv\mybuild\install\include\opencv2/core/persistence.hpp : warning C4819: 该文件包含不能在当前代码页(936)中表示的字符。请将该文件保存为 Unicode 格式以防止数据丢失
C:\opencv\mybuild\install\include\opencv2/core/utility.hpp : warning C4819: 该文件包含不能在当前代码页(936)中表示的字符。请将该文件保存为 Unicode 格式以防止数据丢失
C:\opencv\mybuild\install\include\opencv2/core/utility.hpp : warning C4819: 该文件包含不能在当前代码页(936)中表示的字符。请将该文件保存为 Unicode 格式以防止数据丢失
  moc_picbox.cpp
C:\opencv\mybuild\install\include\opencv2/core/mat.hpp(1965): warning C4819: 该文件包含不能在当前代码页(936)中表示的字符。请将该文件保存为 Unicode 格式以防止数据丢失
C:\opencv\mybuild\install\include\opencv2/core/persistence.hpp : warning C4819: 该文件包含不能在当前代码页(936)中表示的字符。请将该文件保存为 Unicode 格式以防止数据丢失
C:\opencv\mybuild\install\include\opencv2/core/utility.hpp : warning C4819: 该文件包含不能在当前代码页(936)中表示的字符。请将该文件保存为 Unicode 格式以防止数据丢失
C:\opencv\mybuild\install\include\opencv2/core/utility.hpp : warning C4819: 该文件包含不能在当前代码页(936)中表示的字符。请将该文件保存为 Unicode 格式以防止数据丢失
  main.cpp
C:\opencv\mybuild\install\include\opencv2/core/mat.hpp(1965): warning C4819: 该文件包含不能在当前代码页(936)中表示的字符。请将该文件保存为 Unicode 格式以防止数据丢失
C:\opencv\mybuild\install\include\opencv2/core/persistence.hpp : warning C4819: 该文件包含不能在当前代码页(936)中表示的字符。请将该文件保存为 Unicode 格式以防止数据丢失
C:\opencv\mybuild\install\include\opencv2/core/utility.hpp : warning C4819: 该文件包含不能在当前代码页(936)中表示的字符。请将该文件保存为 Unicode 格式以防止数据丢失
C:\opencv\mybuild\install\include\opencv2/core/utility.hpp : warning C4819: 该文件包含不能在当前代码页(936)中表示的字符。请将该文件保存为 Unicode 格式以防止数据丢失
  mainwindow.cpp
C:\opencv\mybuild\install\include\opencv2/core/mat.hpp(1965): warning C4819: 该文件包含不能在当前代码页(936)中表示的字符。请将该文件保存为 Unicode 格式以防止数据丢失
C:\opencv\mybuild\install\include\opencv2/core/persistence.hpp : warning C4819: 该文件包含不能在当前代码页(936)中表示的字符。请将该文件保存为 Unicode 格式以防止数据丢失
C:\opencv\mybuild\install\include\opencv2/core/utility.hpp : warning C4819: 该文件包含不能在当前代码页(936)中表示的字符。请将该文件保存为 Unicode 格式以防止数据丢失
C:\opencv\mybuild\install\include\opencv2/core/utility.hpp : warning C4819: 该文件包含不能在当前代码页(936)中表示的字符。请将该文件保存为 Unicode 格式以防止数据丢失
  picbox.cpp
picbox.cpp : warning C4819: 该文件包含不能在当前代码页(936)中表示的字符。请将该文件保存为 Unicode 格式以防止数据丢失
C:\opencv\mybuild\install\include\opencv2/core/mat.hpp(1965): warning C4819: 该文件包含不能在当前代码页(936)中表示的字符。请将该文件保存为 Unicode 格式以防止数据丢失
C:\opencv\mybuild\install\include\opencv2/core/persistence.hpp : warning C4819: 该文件包含不能在当前代码页(936)中表示的字符。请将该文件保存为 Unicode 格式以防止数据丢失
C:\opencv\mybuild\install\include\opencv2/core/utility.hpp : warning C4819: 该文件包含不能在当前代码页(936)中表示的字符。请将该文件保存为 Unicode 格式以防止数据丢失
C:\opencv\mybuild\install\include\opencv2/core/utility.hpp : warning C4819: 该文件包含不能在当前代码页(936)中表示的字符。请将该文件保存为 Unicode 格式以防止数据丢失
picbox.cpp(129): warning C4267: “参数”: 从“size_t”转换到“int”，可能丢失数据
picbox.cpp(134): error C2027: 使用了未定义类型“QDebug”
  C:\Qt\Qt5.8.0\5.8\msvc2015_64\include\QtGui/qtouchdevice.h(48): note: 参见“QDebug”的声明
picbox.cpp(134): error C2678: 二进制“<<”: 没有找到接受“QDebug”类型的左操作数的运算符(或没有可接受的转换)
  c:\qt\qt5.8.0\5.8\msvc2015_64\include\qtwidgets\qgraphicsitem.h(1044): note: 可能是“QDebug operator <<(QDebug,QGraphicsItem::GraphicsItemFlags)”
  c:\qt\qt5.8.0\5.8\msvc2015_64\include\qtwidgets\qgraphicsitem.h(1043): note: 或  “QDebug operator <<(QDebug,QGraphicsItem::GraphicsItemFlag)”
  c:\qt\qt5.8.0\5.8\msvc2015_64\include\qtwidgets\qgraphicsitem.h(1042): note: 或  “QDebug operator <<(QDebug,QGraphicsItem::GraphicsItemChange)”
  c:\qt\qt5.8.0\5.8\msvc2015_64\include\qtwidgets\qgraphicsitem.h(1041): note: 或  “QDebug operator <<(QDebug,QGraphicsObject *)”
  c:\qt\qt5.8.0\5.8\msvc2015_64\include\qtwidgets\qgraphicsitem.h(1040): note: 或  “QDebug operator <<(QDebug,QGraphicsItem *)”
  C:\Qt\Qt5.8.0\5.8\msvc2015_64\include\QtWidgets/qaction.h(214): note: 或  “QDebug operator <<(QDebug,const QAction *)”
  C:\Qt\Qt5.8.0\5.8\msvc2015_64\include\QtGui/qicon.h(146): note: 或  “QDebug operator <<(QDebug,const QIcon &)”
  C:\Qt\Qt5.8.0\5.8\msvc2015_64\include\QtGui/qicon.h(129): note: 或  “QDataStream &operator <<(QDataStream &,const QIcon &)”
  c:\qt\qt5.8.0\5.8\msvc2015_64\include\qtgui\qevent.h(974): note: 或  “QDebug operator <<(QDebug,const QTouchEvent::TouchPoint &)”
  c:\qt\qt5.8.0\5.8\msvc2015_64\include\qtgui\qevent.h(788): note: 或  “QDebug operator <<(QDebug,const QEvent *)”
  C:\Qt\Qt5.8.0\5.8\msvc2015_64\include\QtGui/qtouchdevice.h(95): note: 或  “QDebug operator <<(QDebug,const QTouchDevice *)”
  C:\Qt\Qt5.8.0\5.8\msvc2015_64\include\QtGui/qvector2d.h(277): note: 或  “QDataStream &operator <<(QDataStream &,const QVector2D &)”
  C:\Qt\Qt5.8.0\5.8\msvc2015_64\include\QtGui/qvector2d.h(273): note: 或  “QDebug operator <<(QDebug,const QVector2D &)”
  C:\Qt\Qt5.8.0\5.8\msvc2015_64\include\QtCore/qurl.h(415): note: 或  “QDebug operator <<(QDebug,const QUrl &)”
  C:\Qt\Qt5.8.0\5.8\msvc2015_64\include\QtCore/qurl.h(410): note: 或  “QDataStream &operator <<(QDataStream &,const QUrl &)”
  C:\Qt\Qt5.8.0\5.8\msvc2015_64\include\QtCore/qvariant.h(859): note: 或  “QDebug operator <<(QDebug,const QVariant::Type)”
  C:\Qt\Qt5.8.0\5.8\msvc2015_64\include\QtCore/qvariant.h(542): note: 或  “QDataStream &operator <<(QDataStream &,const QVariant::Type)”
  C:\Qt\Qt5.8.0\5.8\msvc2015_64\include\QtCore/qvariant.h(540): note: 或  “QDataStream &operator <<(QDataStream &,const QVariant &)”
  C:\Qt\Qt5.8.0\5.8\msvc2015_64\include\QtCore/qvariant.h(452): note: 或  “QDebug operator <<(QDebug,const QVariant &)”
  C:\Qt\Qt5.8.0\5.8\msvc2015_64\include\QtWidgets/qwidget.h(864): note: 或  “QDebug operator <<(QDebug,const QWidget *)”
  C:\Qt\Qt5.8.0\5.8\msvc2015_64\include\QtGui/qkeysequence.h(229): note: 或  “QDebug operator <<(QDebug,const QKeySequence &)”
  C:\Qt\Qt5.8.0\5.8\msvc2015_64\include\QtGui/qkeysequence.h(58): note: 或  “QDataStream &operator <<(QDataStream &,const QKeySequence &)”
  C:\Qt\Qt5.8.0\5.8\msvc2015_64\include\QtGui/qcursor.h(128): note: 或  “QDebug operator <<(QDebug,const QCursor &)”
  C:\Qt\Qt5.8.0\5.8\msvc2015_64\include\QtGui/qcursor.h(123): note: 或  “QDataStream &operator <<(QDataStream &,const QCursor &)”
  C:\Qt\Qt5.8.0\5.8\msvc2015_64\include\QtWidgets/qsizepolicy.h(176): note: 或  “QDebug operator <<(QDebug,const QSizePolicy &)”
  C:\Qt\Qt5.8.0\5.8\msvc2015_64\include\QtWidgets/qsizepolicy.h(143): note: 或  “QDataStream &operator <<(QDataStream &,const QSizePolicy &)”
  C:\Qt\Qt5.8.0\5.8\msvc2015_64\include\QtGui/qpalette.h(210): note: 或  “QDebug operator <<(QDebug,const QPalette &)”
  C:\Qt\Qt5.8.0\5.8\msvc2015_64\include\QtGui/qpalette.h(188): note: 或  “QDataStream &operator <<(QDataStream &,const QPalette &)”
  C:\Qt\Qt5.8.0\5.8\msvc2015_64\include\QtGui/qfont.h(356): note: 或  “QDebug operator <<(QDebug,const QFont &)”
  C:\Qt\Qt5.8.0\5.8\msvc2015_64\include\QtGui/qfont.h(317): note: 或  “QDataStream &operator <<(QDataStream &,const QFont &)”
  C:\Qt\Qt5.8.0\5.8\msvc2015_64\include\QtGui/qpen.h(136): note: 或  “QDebug operator <<(QDebug,const QPen &)”
  C:\Qt\Qt5.8.0\5.8\msvc2015_64\include\QtGui/qpen.h(56): note: 或  “QDataStream &operator <<(QDataStream &,const QPen &)”
  C:\Qt\Qt5.8.0\5.8\msvc2015_64\include\QtGui/qbrush.h(149): note: 或  “QDebug operator <<(QDebug,const QBrush &)”
  C:\Qt\Qt5.8.0\5.8\msvc2015_64\include\QtGui/qbrush.h(144): note: 或  “QDataStream &operator <<(QDataStream &,const QBrush &)”
  C:\Qt\Qt5.8.0\5.8\msvc2015_64\include\QtGui/qpixmap.h(248): note: 或  “QDebug operator <<(QDebug,const QPixmap &)”
  C:\Qt\Qt5.8.0\5.8\msvc2015_64\include\QtGui/qpixmap.h(243): note: 或  “QDataStream &operator <<(QDataStream &,const QPixmap &)”
  C:\Qt\Qt5.8.0\5.8\msvc2015_64\include\QtGui/qimage.h(482): note: 或  “QDebug operator <<(QDebug,const QImage &)”
  C:\Qt\Qt5.8.0\5.8\msvc2015_64\include\QtGui/qimage.h(477): note: 或  “QDataStream &operator <<(QDataStream &,const QImage &)”
  C:\Qt\Qt5.8.0\5.8\msvc2015_64\include\QtGui/qtransform.h(372): note: 或  “QDebug operator <<(QDebug,const QTransform &)”
  C:\Qt\Qt5.8.0\5.8\msvc2015_64\include\QtGui/qtransform.h(367): note: 或  “QDataStream &operator <<(QDataStream &,const QTransform &)”
  C:\Qt\Qt5.8.0\5.8\msvc2015_64\include\QtGui/qpainterpath.h(373): note: 或  “QDebug operator <<(QDebug,const QPainterPath &)”
  C:\Qt\Qt5.8.0\5.8\msvc2015_64\include\QtGui/qpainterpath.h(229): note: 或  “QDataStream &operator <<(QDataStream &,const QPainterPath &)”
  C:\Qt\Qt5.8.0\5.8\msvc2015_64\include\QtGui/qmatrix.h(189): note: 或  “QDebug operator <<(QDebug,const QMatrix &)”
  C:\Qt\Qt5.8.0\5.8\msvc2015_64\include\QtGui/qmatrix.h(184): note: 或  “QDataStream &operator <<(QDataStream &,const QMatrix &)”
  C:\Qt\Qt5.8.0\5.8\msvc2015_64\include\QtCore/qline.h(428): note: 或  “QDataStream &operator <<(QDataStream &,const QLineF &)”
  C:\Qt\Qt5.8.0\5.8\msvc2015_64\include\QtCore/qline.h(424): note: 或  “QDebug operator <<(QDebug,const QLineF &)”
  C:\Qt\Qt5.8.0\5.8\msvc2015_64\include\QtCore/qline.h(207): note: 或  “QDataStream &operator <<(QDataStream &,const QLine &)”
  C:\Qt\Qt5.8.0\5.8\msvc2015_64\include\QtCore/qline.h(203): note: 或  “QDebug operator <<(QDebug,const QLine &)”
  C:\Qt\Qt5.8.0\5.8\msvc2015_64\include\QtGui/qregion.h(193): note: 或  “QDebug operator <<(QDebug,const QRegion &)”
  C:\Qt\Qt5.8.0\5.8\msvc2015_64\include\QtGui/qregion.h(159): note: 或  “QDataStream &operator <<(QDataStream &,const QRegion &)”
  C:\Qt\Qt5.8.0\5.8\msvc2015_64\include\QtCore/qiodevice.h(186): note: 或  “QDebug operator <<(QDebug,QIODevice::OpenMode)”
  C:\Qt\Qt5.8.0\5.8\msvc2015_64\include\QtGui/qpolygon.h(191): note: 或  “QDataStream &operator <<(QDataStream &,const QPolygonF &)”
  C:\Qt\Qt5.8.0\5.8\msvc2015_64\include\QtGui/qpolygon.h(184): note: 或  “QDebug operator <<(QDebug,const QPolygonF &)”
  C:\Qt\Qt5.8.0\5.8\msvc2015_64\include\QtGui/qpolygon.h(114): note: 或  “QDataStream &operator <<(QDataStream &,const QPolygon &)”
  C:\Qt\Qt5.8.0\5.8\msvc2015_64\include\QtGui/qpolygon.h(107): note: 或  “QDebug operator <<(QDebug,const QPolygon &)”
  C:\Qt\Qt5.8.0\5.8\msvc2015_64\include\QtCore/qobject.h(526): note: 或  “QDebug operator <<(QDebug,const QObject *)”
  C:\Qt\Qt5.8.0\5.8\msvc2015_64\include\QtGui/qcolor.h(60): note: 或  “QDataStream &operator <<(QDataStream &,const QColor &)”
  C:\Qt\Qt5.8.0\5.8\msvc2015_64\include\QtGui/qcolor.h(57): note: 或  “QDebug operator <<(QDebug,const QColor &)”
  C:\Qt\Qt5.8.0\5.8\msvc2015_64\include\QtCore/qregexp.h(129): note: 或  “QDebug operator <<(QDebug,const QRegExp &)”
  C:\Qt\Qt5.8.0\5.8\msvc2015_64\include\QtCore/qregexp.h(124): note: 或  “QDataStream &operator <<(QDataStream &,const QRegExp &)”
  C:\Qt\Qt5.8.0\5.8\msvc2015_64\include\QtCore/qstring.h(1369): note: 或  “QDataStream &operator <<(QDataStream &,const QString &)”
  C:\Qt\Qt5.8.0\5.8\msvc2015_64\include\QtCore/qchar.h(594): note: 或  “QDataStream &operator <<(QDataStream &,QChar)”
  C:\Qt\Qt5.8.0\5.8\msvc2015_64\include\QtCore/qrect.h(913): note: 或  “QDebug operator <<(QDebug,const QRectF &)”
  C:\Qt\Qt5.8.0\5.8\msvc2015_64\include\QtCore/qrect.h(636): note: 或  “QDataStream &operator <<(QDataStream &,const QRectF &)”
  C:\Qt\Qt5.8.0\5.8\msvc2015_64\include\QtCore/qrect.h(507): note: 或  “QDebug operator <<(QDebug,const QRect &)”
  C:\Qt\Qt5.8.0\5.8\msvc2015_64\include\QtCore/qrect.h(176): note: 或  “QDataStream &operator <<(QDataStream &,const QRect &)”
  C:\Qt\Qt5.8.0\5.8\msvc2015_64\include\QtCore/qpoint.h(406): note: 或  “QDebug operator <<(QDebug,const QPointF &)”
  C:\Qt\Qt5.8.0\5.8\msvc2015_64\include\QtCore/qpoint.h(277): note: 或  “QDataStream &operator <<(QDataStream &,const QPointF &)”
  C:\Qt\Qt5.8.0\5.8\msvc2015_64\include\QtCore/qpoint.h(212): note: 或  “QDebug operator <<(QDebug,const QPoint &)”
  C:\Qt\Qt5.8.0\5.8\msvc2015_64\include\QtCore/qpoint.h(112): note: 或  “QDataStream &operator <<(QDataStream &,const QPoint &)”
  C:\Qt\Qt5.8.0\5.8\msvc2015_64\include\QtCore/qsize.h(386): note: 或  “QDebug operator <<(QDebug,const QSizeF &)”
  C:\Qt\Qt5.8.0\5.8\msvc2015_64\include\QtCore/qsize.h(276): note: 或  “QDataStream &operator <<(QDataStream &,const QSizeF &)”
  C:\Qt\Qt5.8.0\5.8\msvc2015_64\include\QtCore/qsize.h(211): note: 或  “QDebug operator <<(QDebug,const QSize &)”
  C:\Qt\Qt5.8.0\5.8\msvc2015_64\include\QtCore/qsize.h(108): note: 或  “QDataStream &operator <<(QDataStream &,const QSize &)”
  C:\Qt\Qt5.8.0\5.8\msvc2015_64\include\QtCore/qmargins.h(487): note: 或  “QDebug operator <<(QDebug,const QMarginsF &)”
  C:\Qt\Qt5.8.0\5.8\msvc2015_64\include\QtCore/qmargins.h(327): note: 或  “QDataStream &operator <<(QDataStream &,const QMarginsF &)”
  C:\Qt\Qt5.8.0\5.8\msvc2015_64\include\QtCore/qmargins.h(278): note: 或  “QDebug operator <<(QDebug,const QMargins &)”
  C:\Qt\Qt5.8.0\5.8\msvc2015_64\include\QtCore/qmargins.h(94): note: 或  “QDataStream &operator <<(QDataStream &,const QMargins &)”
  C:\Qt\Qt5.8.0\5.8\msvc2015_64\include\QtCore/qbytearray.h(678): note: 或  “QDataStream &operator <<(QDataStream &,const QByteArray &)”
  C:\opencv\mybuild\install\include\opencv2/core/cvstd.inl.hpp(181): note: 或  “std::ostream &cv::operator <<(std::ostream &,const cv::Mat &)”
  C:\opencv\mybuild\install\include\opencv2/core/cvstd.inl.hpp(172): note: 或  “std::ostream &cv::operator <<(std::ostream &,cv::Ptr<cv::Formatted>)”
  C:\opencv\mybuild\install\include\opencv2/core/cvstd.inl.hpp(166): note: 或  “std::ostream &cv::operator <<(std::ostream &,const cv::String &)”
  C:\opencv\mybuild\install\include\opencv2/core.hpp(2930): note: 或  “cv::String &cv::operator <<(cv::String &,const cv::Mat &)”
  C:\opencv\mybuild\install\include\opencv2/core.hpp(2921): note: 或  “cv::String &cv::operator <<(cv::String &,cv::Ptr<cv::Formatted>)”
  C:\opencv\mybuild\install\include\opencv2/core/persistence.hpp(1082): note: 或  “cv::FileStorage &cv::operator <<(cv::FileStorage &,char *)”
  C:\opencv\mybuild\install\include\opencv2/core/persistence.hpp(1074): note: 或  “cv::FileStorage &cv::operator <<(cv::FileStorage &,const char *)”
  C:\opencv\mybuild\install\include\opencv2/core/persistence.hpp(741): note: 或  “cv::FileStorage &cv::operator <<(cv::FileStorage &,const cv::String &)”
  C:\opencv\mybuild\install\include\opencv2/core/persistence.hpp(1059): note: 或  “cv::FileStorage &cv::operator <<<char[8]>(cv::FileStorage &,const _Tp (&))”
          with
          [
              _Tp=char [8]
          ]
  picbox.cpp(134): note: 尝试匹配参数列表“(QDebug, const char [8])”时
picbox.cpp(138): warning C4267: “参数”: 从“size_t”转换到“int”，可能丢失数据
picbox.cpp(143): error C2027: 使用了未定义类型“QDebug”
  C:\Qt\Qt5.8.0\5.8\msvc2015_64\include\QtGui/qtouchdevice.h(48): note: 参见“QDebug”的声明
picbox.cpp(143): error C2678: 二进制“<<”: 没有找到接受“QDebug”类型的左操作数的运算符(或没有可接受的转换)
  c:\qt\qt5.8.0\5.8\msvc2015_64\include\qtwidgets\qgraphicsitem.h(1044): note: 可能是“QDebug operator <<(QDebug,QGraphicsItem::GraphicsItemFlags)”
  c:\qt\qt5.8.0\5.8\msvc2015_64\include\qtwidgets\qgraphicsitem.h(1043): note: 或  “QDebug operator <<(QDebug,QGraphicsItem::GraphicsItemFlag)”
  c:\qt\qt5.8.0\5.8\msvc2015_64\include\qtwidgets\qgraphicsitem.h(1042): note: 或  “QDebug operator <<(QDebug,QGraphicsItem::GraphicsItemChange)”
  c:\qt\qt5.8.0\5.8\msvc2015_64\include\qtwidgets\qgraphicsitem.h(1041): note: 或  “QDebug operator <<(QDebug,QGraphicsObject *)”
  c:\qt\qt5.8.0\5.8\msvc2015_64\include\qtwidgets\qgraphicsitem.h(1040): note: 或  “QDebug operator <<(QDebug,QGraphicsItem *)”
  C:\Qt\Qt5.8.0\5.8\msvc2015_64\include\QtWidgets/qaction.h(214): note: 或  “QDebug operator <<(QDebug,const QAction *)”
  C:\Qt\Qt5.8.0\5.8\msvc2015_64\include\QtGui/qicon.h(146): note: 或  “QDebug operator <<(QDebug,const QIcon &)”
  C:\Qt\Qt5.8.0\5.8\msvc2015_64\include\QtGui/qicon.h(129): note: 或  “QDataStream &operator <<(QDataStream &,const QIcon &)”
  c:\qt\qt5.8.0\5.8\msvc2015_64\include\qtgui\qevent.h(974): note: 或  “QDebug operator <<(QDebug,const QTouchEvent::TouchPoint &)”
  c:\qt\qt5.8.0\5.8\msvc2015_64\include\qtgui\qevent.h(788): note: 或  “QDebug operator <<(QDebug,const QEvent *)”
  C:\Qt\Qt5.8.0\5.8\msvc2015_64\include\QtGui/qtouchdevice.h(95): note: 或  “QDebug operator <<(QDebug,const QTouchDevice *)”
  C:\Qt\Qt5.8.0\5.8\msvc2015_64\include\QtGui/qvector2d.h(277): note: 或  “QDataStream &operator <<(QDataStream &,const QVector2D &)”
  C:\Qt\Qt5.8.0\5.8\msvc2015_64\include\QtGui/qvector2d.h(273): note: 或  “QDebug operator <<(QDebug,const QVector2D &)”
  C:\Qt\Qt5.8.0\5.8\msvc2015_64\include\QtCore/qurl.h(415): note: 或  “QDebug operator <<(QDebug,const QUrl &)”
  C:\Qt\Qt5.8.0\5.8\msvc2015_64\include\QtCore/qurl.h(410): note: 或  “QDataStream &operator <<(QDataStream &,const QUrl &)”
  C:\Qt\Qt5.8.0\5.8\msvc2015_64\include\QtCore/qvariant.h(859): note: 或  “QDebug operator <<(QDebug,const QVariant::Type)”
  C:\Qt\Qt5.8.0\5.8\msvc2015_64\include\QtCore/qvariant.h(542): note: 或  “QDataStream &operator <<(QDataStream &,const QVariant::Type)”
  C:\Qt\Qt5.8.0\5.8\msvc2015_64\include\QtCore/qvariant.h(540): note: 或  “QDataStream &operator <<(QDataStream &,const QVariant &)”
  C:\Qt\Qt5.8.0\5.8\msvc2015_64\include\QtCore/qvariant.h(452): note: 或  “QDebug operator <<(QDebug,const QVariant &)”
  C:\Qt\Qt5.8.0\5.8\msvc2015_64\include\QtWidgets/qwidget.h(864): note: 或  “QDebug operator <<(QDebug,const QWidget *)”
  C:\Qt\Qt5.8.0\5.8\msvc2015_64\include\QtGui/qkeysequence.h(229): note: 或  “QDebug operator <<(QDebug,const QKeySequence &)”
  C:\Qt\Qt5.8.0\5.8\msvc2015_64\include\QtGui/qkeysequence.h(58): note: 或  “QDataStream &operator <<(QDataStream &,const QKeySequence &)”
  C:\Qt\Qt5.8.0\5.8\msvc2015_64\include\QtGui/qcursor.h(128): note: 或  “QDebug operator <<(QDebug,const QCursor &)”
  C:\Qt\Qt5.8.0\5.8\msvc2015_64\include\QtGui/qcursor.h(123): note: 或  “QDataStream &operator <<(QDataStream &,const QCursor &)”
  C:\Qt\Qt5.8.0\5.8\msvc2015_64\include\QtWidgets/qsizepolicy.h(176): note: 或  “QDebug operator <<(QDebug,const QSizePolicy &)”
  C:\Qt\Qt5.8.0\5.8\msvc2015_64\include\QtWidgets/qsizepolicy.h(143): note: 或  “QDataStream &operator <<(QDataStream &,const QSizePolicy &)”
  C:\Qt\Qt5.8.0\5.8\msvc2015_64\include\QtGui/qpalette.h(210): note: 或  “QDebug operator <<(QDebug,const QPalette &)”
  C:\Qt\Qt5.8.0\5.8\msvc2015_64\include\QtGui/qpalette.h(188): note: 或  “QDataStream &operator <<(QDataStream &,const QPalette &)”
  C:\Qt\Qt5.8.0\5.8\msvc2015_64\include\QtGui/qfont.h(356): note: 或  “QDebug operator <<(QDebug,const QFont &)”
  C:\Qt\Qt5.8.0\5.8\msvc2015_64\include\QtGui/qfont.h(317): note: 或  “QDataStream &operator <<(QDataStream &,const QFont &)”
  C:\Qt\Qt5.8.0\5.8\msvc2015_64\include\QtGui/qpen.h(136): note: 或  “QDebug operator <<(QDebug,const QPen &)”
  C:\Qt\Qt5.8.0\5.8\msvc2015_64\include\QtGui/qpen.h(56): note: 或  “QDataStream &operator <<(QDataStream &,const QPen &)”
  C:\Qt\Qt5.8.0\5.8\msvc2015_64\include\QtGui/qbrush.h(149): note: 或  “QDebug operator <<(QDebug,const QBrush &)”
  C:\Qt\Qt5.8.0\5.8\msvc2015_64\include\QtGui/qbrush.h(144): note: 或  “QDataStream &operator <<(QDataStream &,const QBrush &)”
  C:\Qt\Qt5.8.0\5.8\msvc2015_64\include\QtGui/qpixmap.h(248): note: 或  “QDebug operator <<(QDebug,const QPixmap &)”
  C:\Qt\Qt5.8.0\5.8\msvc2015_64\include\QtGui/qpixmap.h(243): note: 或  “QDataStream &operator <<(QDataStream &,const QPixmap &)”
  C:\Qt\Qt5.8.0\5.8\msvc2015_64\include\QtGui/qimage.h(482): note: 或  “QDebug operator <<(QDebug,const QImage &)”
  C:\Qt\Qt5.8.0\5.8\msvc2015_64\include\QtGui/qimage.h(477): note: 或  “QDataStream &operator <<(QDataStream &,const QImage &)”
  C:\Qt\Qt5.8.0\5.8\msvc2015_64\include\QtGui/qtransform.h(372): note: 或  “QDebug operator <<(QDebug,const QTransform &)”
  C:\Qt\Qt5.8.0\5.8\msvc2015_64\include\QtGui/qtransform.h(367): note: 或  “QDataStream &operator <<(QDataStream &,const QTransform &)”
  C:\Qt\Qt5.8.0\5.8\msvc2015_64\include\QtGui/qpainterpath.h(373): note: 或  “QDebug operator <<(QDebug,const QPainterPath &)”
  C:\Qt\Qt5.8.0\5.8\msvc2015_64\include\QtGui/qpainterpath.h(229): note: 或  “QDataStream &operator <<(QDataStream &,const QPainterPath &)”
  C:\Qt\Qt5.8.0\5.8\msvc2015_64\include\QtGui/qmatrix.h(189): note: 或  “QDebug operator <<(QDebug,const QMatrix &)”
  C:\Qt\Qt5.8.0\5.8\msvc2015_64\include\QtGui/qmatrix.h(184): note: 或  “QDataStream &operator <<(QDataStream &,const QMatrix &)”
  C:\Qt\Qt5.8.0\5.8\msvc2015_64\include\QtCore/qline.h(428): note: 或  “QDataStream &operator <<(QDataStream &,const QLineF &)”
  C:\Qt\Qt5.8.0\5.8\msvc2015_64\include\QtCore/qline.h(424): note: 或  “QDebug operator <<(QDebug,const QLineF &)”
  C:\Qt\Qt5.8.0\5.8\msvc2015_64\include\QtCore/qline.h(207): note: 或  “QDataStream &operator <<(QDataStream &,const QLine &)”
  C:\Qt\Qt5.8.0\5.8\msvc2015_64\include\QtCore/qline.h(203): note: 或  “QDebug operator <<(QDebug,const QLine &)”
  C:\Qt\Qt5.8.0\5.8\msvc2015_64\include\QtGui/qregion.h(193): note: 或  “QDebug operator <<(QDebug,const QRegion &)”
  C:\Qt\Qt5.8.0\5.8\msvc2015_64\include\QtGui/qregion.h(159): note: 或  “QDataStream &operator <<(QDataStream &,const QRegion &)”
  C:\Qt\Qt5.8.0\5.8\msvc2015_64\include\QtCore/qiodevice.h(186): note: 或  “QDebug operator <<(QDebug,QIODevice::OpenMode)”
  C:\Qt\Qt5.8.0\5.8\msvc2015_64\include\QtGui/qpolygon.h(191): note: 或  “QDataStream &operator <<(QDataStream &,const QPolygonF &)”
  C:\Qt\Qt5.8.0\5.8\msvc2015_64\include\QtGui/qpolygon.h(184): note: 或  “QDebug operator <<(QDebug,const QPolygonF &)”
  C:\Qt\Qt5.8.0\5.8\msvc2015_64\include\QtGui/qpolygon.h(114): note: 或  “QDataStream &operator <<(QDataStream &,const QPolygon &)”
  C:\Qt\Qt5.8.0\5.8\msvc2015_64\include\QtGui/qpolygon.h(107): note: 或  “QDebug operator <<(QDebug,const QPolygon &)”
  C:\Qt\Qt5.8.0\5.8\msvc2015_64\include\QtCore/qobject.h(526): note: 或  “QDebug operator <<(QDebug,const QObject *)”
  C:\Qt\Qt5.8.0\5.8\msvc2015_64\include\QtGui/qcolor.h(60): note: 或  “QDataStream &operator <<(QDataStream &,const QColor &)”
  C:\Qt\Qt5.8.0\5.8\msvc2015_64\include\QtGui/qcolor.h(57): note: 或  “QDebug operator <<(QDebug,const QColor &)”
  C:\Qt\Qt5.8.0\5.8\msvc2015_64\include\QtCore/qregexp.h(129): note: 或  “QDebug operator <<(QDebug,const QRegExp &)”
  C:\Qt\Qt5.8.0\5.8\msvc2015_64\include\QtCore/qregexp.h(124): note: 或  “QDataStream &operator <<(QDataStream &,const QRegExp &)”
  C:\Qt\Qt5.8.0\5.8\msvc2015_64\include\QtCore/qstring.h(1369): note: 或  “QDataStream &operator <<(QDataStream &,const QString &)”
  C:\Qt\Qt5.8.0\5.8\msvc2015_64\include\QtCore/qchar.h(594): note: 或  “QDataStream &operator <<(QDataStream &,QChar)”
  C:\Qt\Qt5.8.0\5.8\msvc2015_64\include\QtCore/qrect.h(913): note: 或  “QDebug operator <<(QDebug,const QRectF &)”
  C:\Qt\Qt5.8.0\5.8\msvc2015_64\include\QtCore/qrect.h(636): note: 或  “QDataStream &operator <<(QDataStream &,const QRectF &)”
  C:\Qt\Qt5.8.0\5.8\msvc2015_64\include\QtCore/qrect.h(507): note: 或  “QDebug operator <<(QDebug,const QRect &)”
  C:\Qt\Qt5.8.0\5.8\msvc2015_64\include\QtCore/qrect.h(176): note: 或  “QDataStream &operator <<(QDataStream &,const QRect &)”
  C:\Qt\Qt5.8.0\5.8\msvc2015_64\include\QtCore/qpoint.h(406): note: 或  “QDebug operator <<(QDebug,const QPointF &)”
  C:\Qt\Qt5.8.0\5.8\msvc2015_64\include\QtCore/qpoint.h(277): note: 或  “QDataStream &operator <<(QDataStream &,const QPointF &)”
  C:\Qt\Qt5.8.0\5.8\msvc2015_64\include\QtCore/qpoint.h(212): note: 或  “QDebug operator <<(QDebug,const QPoint &)”
  C:\Qt\Qt5.8.0\5.8\msvc2015_64\include\QtCore/qpoint.h(112): note: 或  “QDataStream &operator <<(QDataStream &,const QPoint &)”
  C:\Qt\Qt5.8.0\5.8\msvc2015_64\include\QtCore/qsize.h(386): note: 或  “QDebug operator <<(QDebug,const QSizeF &)”
  C:\Qt\Qt5.8.0\5.8\msvc2015_64\include\QtCore/qsize.h(276): note: 或  “QDataStream &operator <<(QDataStream &,const QSizeF &)”
  C:\Qt\Qt5.8.0\5.8\msvc2015_64\include\QtCore/qsize.h(211): note: 或  “QDebug operator <<(QDebug,const QSize &)”
  C:\Qt\Qt5.8.0\5.8\msvc2015_64\include\QtCore/qsize.h(108): note: 或  “QDataStream &operator <<(QDataStream &,const QSize &)”
  C:\Qt\Qt5.8.0\5.8\msvc2015_64\include\QtCore/qmargins.h(487): note: 或  “QDebug operator <<(QDebug,const QMarginsF &)”
  C:\Qt\Qt5.8.0\5.8\msvc2015_64\include\QtCore/qmargins.h(327): note: 或  “QDataStream &operator <<(QDataStream &,const QMarginsF &)”
  C:\Qt\Qt5.8.0\5.8\msvc2015_64\include\QtCore/qmargins.h(278): note: 或  “QDebug operator <<(QDebug,const QMargins &)”
  C:\Qt\Qt5.8.0\5.8\msvc2015_64\include\QtCore/qmargins.h(94): note: 或  “QDataStream &operator <<(QDataStream &,const QMargins &)”
  C:\Qt\Qt5.8.0\5.8\msvc2015_64\include\QtCore/qbytearray.h(678): note: 或  “QDataStream &operator <<(QDataStream &,const QByteArray &)”
  C:\opencv\mybuild\install\include\opencv2/core/cvstd.inl.hpp(181): note: 或  “std::ostream &cv::operator <<(std::ostream &,const cv::Mat &)”
  C:\opencv\mybuild\install\include\opencv2/core/cvstd.inl.hpp(172): note: 或  “std::ostream &cv::operator <<(std::ostream &,cv::Ptr<cv::Formatted>)”
  C:\opencv\mybuild\install\include\opencv2/core/cvstd.inl.hpp(166): note: 或  “std::ostream &cv::operator <<(std::ostream &,const cv::String &)”
  C:\opencv\mybuild\install\include\opencv2/core.hpp(2930): note: 或  “cv::String &cv::operator <<(cv::String &,const cv::Mat &)”
  C:\opencv\mybuild\install\include\opencv2/core.hpp(2921): note: 或  “cv::String &cv::operator <<(cv::String &,cv::Ptr<cv::Formatted>)”
  C:\opencv\mybuild\install\include\opencv2/core/persistence.hpp(1082): note: 或  “cv::FileStorage &cv::operator <<(cv::FileStorage &,char *)”
  C:\opencv\mybuild\install\include\opencv2/core/persistence.hpp(1074): note: 或  “cv::FileStorage &cv::operator <<(cv::FileStorage &,const char *)”
  C:\opencv\mybuild\install\include\opencv2/core/persistence.hpp(741): note: 或  “cv::FileStorage &cv::operator <<(cv::FileStorage &,const cv::String &)”
  C:\opencv\mybuild\install\include\opencv2/core/persistence.hpp(1059): note: 或  “cv::FileStorage &cv::operator <<<char[45]>(cv::FileStorage &,const _Tp (&))”
          with
          [
              _Tp=char [45]
          ]
  picbox.cpp(143): note: 尝试匹配参数列表“(QDebug, const char [45])”时
  正在生成代码...
